========================================
 Trinetra Deployment Synchronization Log
========================================

System ID      : TN-MDH-108
Sector         : Modhera Archive
Last Sync      : 2023-09-14 03:18:22 IST
Operator       : auto-syncd

----------------------------------------

[INIT]   Loading archive modules
[CHECK]  Verifying mirror availability
[SYNC]   Data synchronization completed
[VERIFY] Integrity check passed

----------------------------------------

[MIRROR] Host Endpoint
https://trinetra-modhera.netlify.app/

[NODE]   Surveillance Node
third_eye

[STATE]  ARCHIVED
[ACCESS] RESTRICTED

----------------------------------------

Note:
Primary infrastructure was decommissioned
after the breach incident.

Mirror access is provided
for authorized archival review only.
